2024-06-12 16:15:52.135 [info] Started initializing default profile extensions in extensions installation folder. file:///home/leo/.vscode-oss/extensions
2024-06-12 16:15:52.280 [warning] Failed to create default profile extensions manifest in extensions installation folder. file:///home/leo/.vscode-oss/extensions Unable to create file 'vscode-userdata:/home/leo/.vscode-oss/extensions/extensions.json' that already exists when overwrite flag is not set
2024-06-12 16:15:52.280 [info] Completed initializing default profile extensions in extensions installation folder. file:///home/leo/.vscode-oss/extensions
2024-06-12 16:16:09.217 [info] Getting Manifest... jdinhlife.gruvbox
2024-06-12 16:16:09.342 [info] Installing extension: jdinhlife.gruvbox vscode-userdata:/home/leo/.vscode-oss/extensions/extensions.json
2024-06-12 16:16:12.372 [error] Could not load vsce-sign module Cannot find module '@vscode/vsce-sign'
Require stack:
- /usr/lib/code/out/bootstrap-amd.js
- /usr/lib/code/out/bootstrap-fork.js
2024-06-12 16:16:12.372 [info] Extension signature verification is not done: jdinhlife.gruvbox
2024-06-12 16:16:12.446 [info] Extracted extension to file:///home/leo/.vscode-oss/extensions/jdinhlife.gruvbox-1.19.0-universal: jdinhlife.gruvbox
2024-06-12 16:16:12.456 [info] Renamed to /home/leo/.vscode-oss/extensions/jdinhlife.gruvbox-1.19.0-universal
2024-06-12 16:16:12.512 [info] Extension installed successfully: jdinhlife.gruvbox vscode-userdata:/home/leo/.vscode-oss/extensions/extensions.json
2024-06-12 16:16:12.541 [error] [uncaught exception in sharedProcess]: Error: ENOENT: no such file or directory, stat '/home/leo/.vscode-oss/extensions/extensions.json.vsctmp': EntryNotFound (FileSystemError): Error: ENOENT: no such file or directory, stat '/home/leo/.vscode-oss/extensions/extensions.json.vsctmp'
    at c.create (/usr/lib/code/out/vs/code/node/sharedProcess/sharedProcessMain.js:53:19235)
    at m (/usr/lib/code/out/vs/code/node/sharedProcess/sharedProcessMain.js:53:19345)
    at t.hb (/usr/lib/code/out/vs/code/node/sharedProcess/sharedProcessMain.js:58:36685)
    at t.stat (/usr/lib/code/out/vs/code/node/sharedProcess/sharedProcessMain.js:58:29033)
    at async b.stat (/usr/lib/code/out/vs/code/node/sharedProcess/sharedProcessMain.js:58:14899)
    at async H.vb (/usr/lib/code/out/vs/code/node/sharedProcess/sharedProcessMain.js:104:117665)
