2024-06-13 12:12:09.325 [info] Log level: Info
2024-06-13 12:12:09.325 [info] Validating found git in: "git"
2024-06-13 12:12:09.340 [info] Using git "2.45.2" from "git"
2024-06-13 12:17:41.180 [info] Log level: Info
2024-06-13 12:17:41.180 [info] Validating found git in: "git"
2024-06-13 12:17:41.180 [info] Using git "2.45.2" from "git"
2024-06-13 12:17:41.180 [info] > git rev-parse --show-toplevel [3ms]
2024-06-13 12:17:41.184 [info] > git rev-parse --git-dir --git-common-dir [1ms]
2024-06-13 12:17:41.191 [info] Open repository: /home/leo/Projects/nidas.dev
2024-06-13 12:17:41.200 [info] > git rev-parse --show-toplevel [2ms]
2024-06-13 12:17:41.200 [info] > git config --get commit.template [5ms]
2024-06-13 12:17:41.230 [info] > git for-each-ref --format=%(refname)%00%(upstream:short)%00%(objectname)%00%(upstream:track)%00%(upstream:remotename)%00%(upstream:remoteref) refs/heads/main refs/remotes/main [6ms]
2024-06-13 12:17:41.233 [warning] ENOENT: no such file or directory, open '/home/leo/Projects/nidas.dev/.git/refs/remotes/origin/main'
2024-06-13 12:17:41.234 [info] > git rev-parse refs/remotes/origin/main [1ms]
2024-06-13 12:17:41.241 [info] > git status -z -uall [4ms]
2024-06-13 12:17:41.252 [info] > git merge-base refs/heads/main refs/remotes/origin/main [7ms]
2024-06-13 12:17:41.256 [info] > git config --get commit.template [4ms]
2024-06-13 12:17:41.285 [info] > git rev-list --count --left-right refs/heads/main...refs/remotes/origin/main [30ms]
2024-06-13 12:17:41.293 [info] > git diff --name-status -z --diff-filter=ADMR 9747ea4da81d6994e17bd973b3c62d123eb17455...refs/remotes/origin/main [5ms]
2024-06-13 12:17:41.294 [info] > git for-each-ref --format=%(refname)%00%(upstream:short)%00%(objectname)%00%(upstream:track)%00%(upstream:remotename)%00%(upstream:remoteref) refs/heads/main refs/remotes/main [2ms]
2024-06-13 12:17:41.297 [warning] ENOENT: no such file or directory, open '/home/leo/Projects/nidas.dev/.git/refs/remotes/origin/main'
2024-06-13 12:17:41.298 [info] > git rev-parse refs/remotes/origin/main [1ms]
2024-06-13 12:17:41.305 [info] > git status -z -uall [4ms]
2024-06-13 12:17:41.714 [info] > git check-ignore -v -z --stdin [5ms]
2024-06-13 12:17:43.018 [info] > git check-ignore -v -z --stdin [5ms]
2024-06-13 12:17:52.308 [info] > git show --textconv :nidas.dev/README.md [15ms]
2024-06-13 12:17:52.308 [info] > git ls-files --stage -- /home/leo/Projects/nidas.dev/nidas.dev/README.md [12ms]
2024-06-13 12:17:52.338 [info] > git cat-file -s 54ef09430b11a9e551ddfe1107287e168c6f0e11 [27ms]
2024-06-13 12:18:28.754 [info] > git check-ignore -v -z --stdin [4ms]
2024-06-13 12:18:50.306 [info] > git show --textconv :README.md [19ms]
2024-06-13 12:18:50.309 [info] > git ls-files --stage -- /home/leo/Projects/nidas.dev/README.md [5ms]
2024-06-13 12:18:50.319 [info] > git cat-file -s f9095b7c7722f7606ecc3577bfd3e1f81a403558 [3ms]
2024-06-13 12:19:50.487 [info] > git check-ignore -v -z --stdin [4ms]
2024-06-13 12:19:57.287 [info] > git show --textconv :nidas.dev/src/index.js [5ms]
2024-06-13 12:19:57.288 [info] > git ls-files --stage -- /home/leo/Projects/nidas.dev/nidas.dev/src/index.js [2ms]
2024-06-13 12:19:57.292 [info] > git cat-file -s e2b1a56d8a8482a3249d4e7a5c02662225428546 [1ms]
2024-06-13 12:20:00.815 [info] > git show --textconv :nidas.dev/public/manifest.json [4ms]
2024-06-13 12:20:00.815 [info] > git ls-files --stage -- /home/leo/Projects/nidas.dev/nidas.dev/public/manifest.json [0ms]
2024-06-13 12:20:00.823 [info] > git cat-file -s 080d6c77ac21bb2ef88a6992b2b73ad93daaca92 [5ms]
2024-06-13 12:20:02.964 [info] > git show --textconv :nidas.dev/public/index.html [3ms]
2024-06-13 12:20:02.965 [info] > git ls-files --stage -- /home/leo/Projects/nidas.dev/nidas.dev/public/index.html [1ms]
2024-06-13 12:20:02.969 [info] > git cat-file -s 0600b793227729367e423d5035d5119cb9a0b6c8 [2ms]
2024-06-13 12:21:01.936 [info] > git show --textconv :README.md [13ms]
2024-06-13 12:21:01.938 [info] > git ls-files --stage -- /home/leo/Projects/nidas.dev/README.md [4ms]
2024-06-13 12:21:01.951 [info] > git cat-file -s f9095b7c7722f7606ecc3577bfd3e1f81a403558 [3ms]
2024-06-13 12:21:02.571 [info] > git show --textconv :.gitignore [18ms]
2024-06-13 12:21:02.574 [info] > git ls-files --stage -- /home/leo/Projects/nidas.dev/.gitignore [4ms]
2024-06-13 12:21:02.592 [info] > git cat-file -s 65822348c406cd086b1c15a1876291d64bd36f3a [5ms]
2024-06-13 12:23:44.105 [info] > git show --textconv :nidas.dev/public/index.html [12ms]
2024-06-13 12:23:44.107 [info] > git ls-files --stage -- /home/leo/Projects/nidas.dev/nidas.dev/public/index.html [3ms]
2024-06-13 12:23:44.120 [info] > git cat-file -s 0600b793227729367e423d5035d5119cb9a0b6c8 [4ms]
2024-06-13 12:23:50.348 [info] > git show --textconv :nidas.dev/package.json [5ms]
2024-06-13 12:23:50.351 [info] > git ls-files --stage -- /home/leo/Projects/nidas.dev/nidas.dev/package.json [3ms]
2024-06-13 12:23:50.356 [info] > git cat-file -s e62140848efb19d2ec6efec40bd3dd45fe351b30 [1ms]
2024-06-13 12:25:35.435 [info] > git check-ignore -v -z --stdin [1ms]
2024-06-13 12:25:36.396 [info] > git config --get commit.template [5ms]
2024-06-13 12:25:36.397 [info] > git for-each-ref --format=%(refname)%00%(upstream:short)%00%(objectname)%00%(upstream:track)%00%(upstream:remotename)%00%(upstream:remoteref) refs/heads/main refs/remotes/main [2ms]
2024-06-13 12:25:36.401 [warning] ENOENT: no such file or directory, open '/home/leo/Projects/nidas.dev/.git/refs/remotes/origin/main'
2024-06-13 12:25:36.403 [info] > git rev-parse refs/remotes/origin/main [3ms]
2024-06-13 12:25:36.412 [info] > git status -z -uall [5ms]
2024-06-13 12:25:54.361 [info] > git check-ignore -v -z --stdin [0ms]
2024-06-13 12:25:54.372 [info] > git config --get commit.template [4ms]
2024-06-13 12:25:54.372 [info] > git for-each-ref --format=%(refname)%00%(upstream:short)%00%(objectname)%00%(upstream:track)%00%(upstream:remotename)%00%(upstream:remoteref) refs/heads/main refs/remotes/main [1ms]
2024-06-13 12:25:54.376 [warning] ENOENT: no such file or directory, open '/home/leo/Projects/nidas.dev/.git/refs/remotes/origin/main'
2024-06-13 12:25:54.377 [info] > git rev-parse refs/remotes/origin/main [1ms]
2024-06-13 12:25:54.384 [info] > git status -z -uall [5ms]
2024-06-13 12:26:04.137 [info] > git config --get commit.template [14ms]
2024-06-13 12:26:04.140 [info] > git for-each-ref --format=%(refname)%00%(upstream:short)%00%(objectname)%00%(upstream:track)%00%(upstream:remotename)%00%(upstream:remoteref) refs/heads/main refs/remotes/main [5ms]
2024-06-13 12:26:04.152 [warning] ENOENT: no such file or directory, open '/home/leo/Projects/nidas.dev/.git/refs/remotes/origin/main'
2024-06-13 12:26:04.156 [info] > git rev-parse refs/remotes/origin/main [4ms]
2024-06-13 12:26:04.189 [info] > git status -z -uall [20ms]
2024-06-13 12:26:23.845 [info] > git show --textconv :nidas.dev/build/static/js/main.a627fa12.js [5ms]
2024-06-13 12:26:23.845 [info] > git ls-files --stage -- /home/leo/Projects/nidas.dev/nidas.dev/build/static/js/main.a627fa12.js [1ms]
2024-06-13 12:26:24.211 [info] > git check-ignore -v -z --stdin [1ms]
2024-06-13 12:26:26.775 [info] > git show --textconv :nidas.dev/package.json [17ms]
2024-06-13 12:26:26.777 [info] > git ls-files --stage -- /home/leo/Projects/nidas.dev/nidas.dev/package.json [3ms]
2024-06-13 12:26:26.791 [info] > git cat-file -s e62140848efb19d2ec6efec40bd3dd45fe351b30 [5ms]
2024-06-13 12:28:41.626 [info] > git check-ignore -v -z --stdin [2ms]
2024-06-13 12:28:42.587 [info] > git check-ignore -v -z --stdin [4ms]
2024-06-13 12:28:45.995 [info] > git check-ignore -v -z --stdin [3ms]
2024-06-13 14:30:13.224 [info] > git check-ignore -v -z --stdin [5ms]
2024-06-13 14:30:16.062 [info] > git check-ignore -v -z --stdin [4ms]
2024-06-13 14:30:18.319 [info] > git check-ignore -v -z --stdin [3ms]
2024-06-13 14:30:19.256 [info] > git check-ignore -v -z --stdin [5ms]
2024-06-13 14:30:33.985 [info] > git show --textconv :nidas.dev/src/components/structure/drawer.js [6ms]
2024-06-13 14:30:33.986 [info] > git ls-files --stage -- /home/leo/Projects/nidas.dev/nidas.dev/src/components/structure/drawer.js [1ms]
2024-06-13 14:30:33.991 [info] > git cat-file -s 20b475be4074cfedecbf86e71d9b9001df7f6d00 [1ms]
2024-06-13 14:31:42.807 [info] > git show --textconv :nidas.dev/src/components/structure/header.js [12ms]
2024-06-13 14:31:42.809 [info] > git ls-files --stage -- /home/leo/Projects/nidas.dev/nidas.dev/src/components/structure/header.js [3ms]
2024-06-13 14:31:42.818 [info] > git cat-file -s 2d795c8708360a46d76105e9ebc54037c37ffd30 [2ms]
2024-06-13 14:31:49.779 [info] > git check-ignore -v -z --stdin [4ms]
2024-06-13 14:31:51.731 [info] > git check-ignore -v -z --stdin [4ms]
2024-06-13 14:31:52.883 [info] > git check-ignore -v -z --stdin [4ms]
2024-06-13 14:31:53.991 [info] > git check-ignore -v -z --stdin [4ms]
2024-06-13 14:31:55.014 [info] > git check-ignore -v -z --stdin [4ms]
2024-06-13 14:31:56.327 [info] > git check-ignore -v -z --stdin [5ms]
2024-06-13 14:31:57.278 [info] > git check-ignore -v -z --stdin [5ms]
2024-06-13 14:32:01.246 [info] > git show --textconv :nidas.dev/src/components/structure/ColorModeSwitcher.js [4ms]
2024-06-13 14:32:01.246 [info] > git ls-files --stage -- /home/leo/Projects/nidas.dev/nidas.dev/src/components/structure/ColorModeSwitcher.js [1ms]
2024-06-13 14:32:01.251 [info] > git cat-file -s 700e859eff84c6fba3d2eb05598d9b06efd391e3 [1ms]
2024-06-13 14:33:05.495 [info] > git check-ignore -v -z --stdin [4ms]
2024-06-13 14:33:06.556 [info] > git check-ignore -v -z --stdin [5ms]
2024-06-13 14:33:11.297 [info] > git show --textconv :nidas.dev/src/index.js [5ms]
2024-06-13 14:33:11.297 [info] > git ls-files --stage -- /home/leo/Projects/nidas.dev/nidas.dev/src/index.js [1ms]
2024-06-13 14:33:11.302 [info] > git cat-file -s e2b1a56d8a8482a3249d4e7a5c02662225428546 [1ms]
2024-06-13 14:33:13.738 [info] > git show --textconv :nidas.dev/src/components/structure/header.js [4ms]
2024-06-13 14:33:13.739 [info] > git ls-files --stage -- /home/leo/Projects/nidas.dev/nidas.dev/src/components/structure/header.js [2ms]
2024-06-13 14:33:13.743 [info] > git cat-file -s 2d795c8708360a46d76105e9ebc54037c37ffd30 [1ms]
2024-06-13 14:34:08.573 [info] > git show --textconv :nidas.dev/src/themes/theme.js [5ms]
2024-06-13 14:34:08.574 [info] > git ls-files --stage -- /home/leo/Projects/nidas.dev/nidas.dev/src/themes/theme.js [2ms]
2024-06-13 14:34:08.579 [info] > git cat-file -s 74f26fa788658574ff3a54b19f9b1dc07ccd7ef5 [2ms]
2024-06-13 14:37:12.530 [info] > git show --textconv :nidas.dev/src/components/structure/ColorModeSwitcher.js [13ms]
2024-06-13 14:37:12.536 [info] > git ls-files --stage -- /home/leo/Projects/nidas.dev/nidas.dev/src/components/structure/ColorModeSwitcher.js [6ms]
2024-06-13 14:37:12.543 [info] > git cat-file -s 700e859eff84c6fba3d2eb05598d9b06efd391e3 [2ms]
2024-06-13 14:37:17.607 [info] > git show --textconv :nidas.dev/src/themes/theme.js [7ms]
2024-06-13 14:37:17.608 [info] > git ls-files --stage -- /home/leo/Projects/nidas.dev/nidas.dev/src/themes/theme.js [2ms]
2024-06-13 14:37:17.615 [info] > git cat-file -s 74f26fa788658574ff3a54b19f9b1dc07ccd7ef5 [1ms]
2024-06-13 14:37:24.444 [info] > git show --textconv :nidas.dev/src/themes/theme.js [16ms]
2024-06-13 14:37:24.446 [info] > git ls-files --stage -- /home/leo/Projects/nidas.dev/nidas.dev/src/themes/theme.js [3ms]
2024-06-13 14:37:24.461 [info] > git cat-file -s 74f26fa788658574ff3a54b19f9b1dc07ccd7ef5 [4ms]
2024-06-13 14:37:25.728 [info] > git show --textconv :nidas.dev/src/components/structure/ColorModeSwitcher.js [18ms]
2024-06-13 14:37:25.730 [info] > git ls-files --stage -- /home/leo/Projects/nidas.dev/nidas.dev/src/components/structure/ColorModeSwitcher.js [3ms]
2024-06-13 14:37:25.742 [info] > git cat-file -s 700e859eff84c6fba3d2eb05598d9b06efd391e3 [4ms]
2024-06-13 14:44:15.900 [info] > git show --textconv :nidas.dev/src/themes/theme.js [4ms]
2024-06-13 14:44:15.901 [info] > git ls-files --stage -- /home/leo/Projects/nidas.dev/nidas.dev/src/themes/theme.js [1ms]
2024-06-13 14:44:15.906 [info] > git cat-file -s 74f26fa788658574ff3a54b19f9b1dc07ccd7ef5 [1ms]
2024-06-13 14:44:27.539 [info] > git show --textconv :nidas.dev/src/themes/Logo.js [18ms]
2024-06-13 14:44:27.541 [info] > git ls-files --stage -- /home/leo/Projects/nidas.dev/nidas.dev/src/themes/Logo.js [4ms]
2024-06-13 14:44:27.550 [info] > git cat-file -s c990edf7cb0715c3eda3e5faf81b994e7596b97a [2ms]
2024-06-13 14:44:31.107 [info] > git show --textconv :nidas.dev/src/themes/fonts.js [18ms]
2024-06-13 14:44:31.110 [info] > git ls-files --stage -- /home/leo/Projects/nidas.dev/nidas.dev/src/themes/fonts.js [4ms]
2024-06-13 14:44:31.122 [info] > git cat-file -s f3b32c91d435db728c638cf8236d46d6bbf8e6c8 [3ms]
2024-06-13 14:44:34.534 [info] > git show --textconv :nidas.dev/src/themes/Logo.js [13ms]
2024-06-13 14:44:34.536 [info] > git ls-files --stage -- /home/leo/Projects/nidas.dev/nidas.dev/src/themes/Logo.js [3ms]
2024-06-13 14:44:34.548 [info] > git cat-file -s c990edf7cb0715c3eda3e5faf81b994e7596b97a [2ms]
2024-06-13 14:44:35.829 [info] > git show --textconv :nidas.dev/src/themes/theme.js [18ms]
2024-06-13 14:44:35.831 [info] > git ls-files --stage -- /home/leo/Projects/nidas.dev/nidas.dev/src/themes/theme.js [4ms]
2024-06-13 14:44:35.841 [info] > git cat-file -s 74f26fa788658574ff3a54b19f9b1dc07ccd7ef5 [2ms]
2024-06-13 14:44:36.735 [info] > git show --textconv :nidas.dev/src/themes/Logo.js [9ms]
2024-06-13 14:44:36.736 [info] > git ls-files --stage -- /home/leo/Projects/nidas.dev/nidas.dev/src/themes/Logo.js [2ms]
2024-06-13 14:44:36.749 [info] > git cat-file -s c990edf7cb0715c3eda3e5faf81b994e7596b97a [4ms]
2024-06-13 14:44:37.127 [info] > git show --textconv :nidas.dev/src/themes/fonts.js [12ms]
2024-06-13 14:44:37.128 [info] > git ls-files --stage -- /home/leo/Projects/nidas.dev/nidas.dev/src/themes/fonts.js [1ms]
2024-06-13 14:44:37.138 [info] > git cat-file -s f3b32c91d435db728c638cf8236d46d6bbf8e6c8 [2ms]
2024-06-13 14:44:37.581 [info] > git show --textconv :nidas.dev/src/themes/Logo.js [5ms]
2024-06-13 14:44:37.582 [info] > git ls-files --stage -- /home/leo/Projects/nidas.dev/nidas.dev/src/themes/Logo.js [2ms]
2024-06-13 14:44:37.588 [info] > git cat-file -s c990edf7cb0715c3eda3e5faf81b994e7596b97a [2ms]
2024-06-13 14:44:37.928 [info] > git show --textconv :nidas.dev/src/themes/theme.js [14ms]
2024-06-13 14:44:37.929 [info] > git ls-files --stage -- /home/leo/Projects/nidas.dev/nidas.dev/src/themes/theme.js [2ms]
2024-06-13 14:44:37.938 [info] > git cat-file -s 74f26fa788658574ff3a54b19f9b1dc07ccd7ef5 [2ms]
2024-06-13 14:44:38.522 [info] > git show --textconv :nidas.dev/src/themes/fonts.js [19ms]
2024-06-13 14:44:38.524 [info] > git ls-files --stage -- /home/leo/Projects/nidas.dev/nidas.dev/src/themes/fonts.js [5ms]
2024-06-13 14:44:38.533 [info] > git cat-file -s f3b32c91d435db728c638cf8236d46d6bbf8e6c8 [2ms]
2024-06-13 14:44:43.285 [info] > git show --textconv :nidas.dev/src/themes/Logo.js [14ms]
2024-06-13 14:44:43.286 [info] > git ls-files --stage -- /home/leo/Projects/nidas.dev/nidas.dev/src/themes/Logo.js [3ms]
2024-06-13 14:44:43.293 [info] > git cat-file -s c990edf7cb0715c3eda3e5faf81b994e7596b97a [1ms]
2024-06-13 14:50:04.769 [info] > git config --get commit.template [9ms]
2024-06-13 14:50:04.769 [info] > git for-each-ref --format=%(refname)%00%(upstream:short)%00%(objectname)%00%(upstream:track)%00%(upstream:remotename)%00%(upstream:remoteref) refs/heads/dev refs/remotes/dev [2ms]
2024-06-13 14:50:04.776 [warning] ENOENT: no such file or directory, open '/home/leo/Projects/nidas.dev/.git/refs/remotes/origin/dev'
2024-06-13 14:50:04.777 [info] > git rev-parse refs/remotes/origin/dev [2ms]
2024-06-13 14:50:04.783 [info] > git status -z -uall [2ms]
2024-06-13 14:50:04.792 [info] > git merge-base refs/heads/dev refs/remotes/origin/dev [4ms]
2024-06-13 14:50:04.797 [info] > git rev-list --count --left-right refs/heads/dev...refs/remotes/origin/dev [1ms]
2024-06-13 14:50:04.801 [info] > git diff --name-status -z --diff-filter=ADMR 9747ea4da81d6994e17bd973b3c62d123eb17455...refs/remotes/origin/dev [1ms]
2024-06-13 14:50:04.812 [info] > git ls-files --stage -- /home/leo/Projects/nidas.dev/nidas.dev/src/themes/Logo.js [2ms]
2024-06-13 14:50:04.817 [info] > git cat-file -s c990edf7cb0715c3eda3e5faf81b994e7596b97a [2ms]
2024-06-13 14:50:04.829 [info] > git show --textconv :nidas.dev/src/themes/Logo.js [1ms]
2024-06-13 14:50:28.266 [info] > git show --textconv :nidas.dev/src/themes/theme.js [9ms]
2024-06-13 14:50:28.267 [info] > git ls-files --stage -- /home/leo/Projects/nidas.dev/nidas.dev/src/themes/theme.js [2ms]
2024-06-13 14:50:28.274 [info] > git cat-file -s 74f26fa788658574ff3a54b19f9b1dc07ccd7ef5 [2ms]
2024-06-13 14:51:39.921 [info] > git config --get commit.template [17ms]
2024-06-13 14:51:39.923 [info] > git for-each-ref --format=%(refname)%00%(upstream:short)%00%(objectname)%00%(upstream:track)%00%(upstream:remotename)%00%(upstream:remoteref) refs/heads/dev refs/remotes/dev [5ms]
2024-06-13 14:51:39.936 [warning] ENOENT: no such file or directory, open '/home/leo/Projects/nidas.dev/.git/refs/remotes/origin/dev'
2024-06-13 14:51:39.940 [info] > git rev-parse refs/remotes/origin/dev [4ms]
2024-06-13 14:51:39.960 [info] > git status -z -uall [7ms]
2024-06-13 14:52:04.912 [info] > git config --get commit.template [7ms]
2024-06-13 14:52:04.914 [info] > git for-each-ref --format=%(refname)%00%(upstream:short)%00%(objectname)%00%(upstream:track)%00%(upstream:remotename)%00%(upstream:remoteref) refs/heads/dev refs/remotes/dev [3ms]
2024-06-13 14:52:04.924 [warning] ENOENT: no such file or directory, open '/home/leo/Projects/nidas.dev/.git/refs/remotes/origin/dev'
2024-06-13 14:52:04.927 [info] > git rev-parse refs/remotes/origin/dev [3ms]
2024-06-13 14:52:04.940 [info] > git status -z -uall [4ms]
2024-06-13 14:52:05.019 [info] > git ls-files --stage -- /home/leo/Projects/nidas.dev/nidas.dev/src/themes/theme.js [3ms]
2024-06-13 14:52:05.036 [info] > git cat-file -s 0b1a4022bbbe2ff2b3051fe83388f9609ccd43c2 [5ms]
2024-06-13 14:52:05.058 [info] > git show --textconv :nidas.dev/src/themes/theme.js [6ms]
2024-06-13 14:52:52.205 [info] > git config --get commit.template [16ms]
2024-06-13 14:52:52.208 [info] > git for-each-ref --format=%(refname)%00%(upstream:short)%00%(objectname)%00%(upstream:track)%00%(upstream:remotename)%00%(upstream:remoteref) refs/heads/dev refs/remotes/dev [5ms]
2024-06-13 14:52:52.222 [warning] ENOENT: no such file or directory, open '/home/leo/Projects/nidas.dev/.git/refs/remotes/origin/dev'
2024-06-13 14:52:52.226 [info] > git rev-parse refs/remotes/origin/dev [4ms]
2024-06-13 14:52:52.246 [info] > git status -z -uall [6ms]
2024-06-13 14:52:52.282 [info] > git ls-files --stage -- /home/leo/Projects/nidas.dev/nidas.dev/src/themes/theme.js [2ms]
2024-06-13 14:52:52.291 [info] > git cat-file -s 0b1a4022bbbe2ff2b3051fe83388f9609ccd43c2 [3ms]
2024-06-13 14:52:52.302 [info] > git show --textconv :nidas.dev/src/themes/theme.js [2ms]
2024-06-13 14:54:08.926 [info] > git config --get commit.template [18ms]
2024-06-13 14:54:08.929 [info] > git for-each-ref --format=%(refname)%00%(upstream:short)%00%(objectname)%00%(upstream:track)%00%(upstream:remotename)%00%(upstream:remoteref) refs/heads/dev refs/remotes/dev [5ms]
2024-06-13 14:54:08.942 [warning] ENOENT: no such file or directory, open '/home/leo/Projects/nidas.dev/.git/refs/remotes/origin/dev'
2024-06-13 14:54:08.946 [info] > git rev-parse refs/remotes/origin/dev [4ms]
2024-06-13 14:54:08.965 [info] > git status -z -uall [6ms]
2024-06-13 14:54:08.982 [info] > git merge-base refs/heads/dev refs/remotes/origin/dev [4ms]
2024-06-13 14:54:08.998 [info] > git rev-list --count --left-right refs/heads/dev...refs/remotes/origin/dev [5ms]
2024-06-13 14:54:09.018 [info] > git diff --name-status -z --diff-filter=ADMR 9747ea4da81d6994e17bd973b3c62d123eb17455...refs/remotes/origin/dev [8ms]
2024-06-13 14:54:09.019 [info] > git ls-files --stage -- /home/leo/Projects/nidas.dev/nidas.dev/src/themes/theme.js [2ms]
2024-06-13 14:54:09.026 [info] > git cat-file -s 0b1a4022bbbe2ff2b3051fe83388f9609ccd43c2 [1ms]
2024-06-13 14:54:09.066 [info] > git show --textconv :nidas.dev/src/themes/theme.js [1ms]
2024-06-13 14:55:40.527 [info] > git config --get commit.template [8ms]
2024-06-13 14:55:40.533 [info] > git ls-files --stage -- /home/leo/Projects/nidas.dev/nidas.dev/src/themes/theme.js [7ms]
2024-06-13 14:55:40.538 [info] > git for-each-ref --format=%(refname)%00%(upstream:short)%00%(objectname)%00%(upstream:track)%00%(upstream:remotename)%00%(upstream:remoteref) refs/heads/dev refs/remotes/dev [6ms]
2024-06-13 14:55:40.538 [info] > git cat-file -s 0b1a4022bbbe2ff2b3051fe83388f9609ccd43c2 [1ms]
2024-06-13 14:55:40.549 [info] > git status -z -uall [5ms]
2024-06-13 14:55:40.556 [info] > git show --textconv :nidas.dev/src/themes/theme.js [7ms]
2024-06-13 14:55:40.556 [info] > git merge-base refs/heads/dev refs/remotes/origin/dev [2ms]
2024-06-13 14:55:40.562 [info] > git rev-list --count --left-right refs/heads/dev...refs/remotes/origin/dev [1ms]
2024-06-13 14:55:40.568 [info] > git diff --name-status -z --diff-filter=ADMR 887a064f64bda9f9f79e4e52000a826139bb4e0e...refs/remotes/origin/dev [1ms]
2024-06-13 16:15:44.788 [info] > git show --textconv :nidas.dev/src/themes/Logo.js [11ms]
2024-06-13 16:15:44.789 [info] > git ls-files --stage -- /home/leo/Projects/nidas.dev/nidas.dev/src/themes/Logo.js [2ms]
2024-06-13 16:15:44.798 [info] > git cat-file -s c990edf7cb0715c3eda3e5faf81b994e7596b97a [2ms]
2024-06-13 16:15:46.727 [info] > git show --textconv :nidas.dev/src/themes/fonts.js [20ms]
2024-06-13 16:15:46.731 [info] > git ls-files --stage -- /home/leo/Projects/nidas.dev/nidas.dev/src/themes/fonts.js [5ms]
2024-06-13 16:15:46.747 [info] > git cat-file -s f3b32c91d435db728c638cf8236d46d6bbf8e6c8 [3ms]
2024-06-13 16:15:49.378 [info] > git show --textconv :nidas.dev/src/themes/Logo.js [16ms]
2024-06-13 16:15:49.380 [info] > git ls-files --stage -- /home/leo/Projects/nidas.dev/nidas.dev/src/themes/Logo.js [4ms]
2024-06-13 16:15:49.391 [info] > git cat-file -s c990edf7cb0715c3eda3e5faf81b994e7596b97a [3ms]
2024-06-13 16:15:49.708 [info] > git show --textconv :nidas.dev/src/themes/theme.js [19ms]
2024-06-13 16:15:49.710 [info] > git ls-files --stage -- /home/leo/Projects/nidas.dev/nidas.dev/src/themes/theme.js [4ms]
2024-06-13 16:15:49.727 [info] > git cat-file -s 0b1a4022bbbe2ff2b3051fe83388f9609ccd43c2 [5ms]
2024-06-13 16:15:50.502 [info] > git show --textconv :nidas.dev/.gitignore [10ms]
2024-06-13 16:15:50.503 [info] > git ls-files --stage -- /home/leo/Projects/nidas.dev/nidas.dev/.gitignore [2ms]
2024-06-13 16:15:50.510 [info] > git cat-file -s 4d29575de80483b005c29bfcac5061cd2f45313e [1ms]
2024-06-13 16:15:50.985 [info] > git show --textconv :nidas.dev/src/index.js [9ms]
2024-06-13 16:15:50.987 [info] > git ls-files --stage -- /home/leo/Projects/nidas.dev/nidas.dev/src/index.js [3ms]
2024-06-13 16:15:50.997 [info] > git cat-file -s e2b1a56d8a8482a3249d4e7a5c02662225428546 [3ms]
2024-06-13 16:16:27.722 [info] > git show --textconv :nidas.dev/src/themes/theme.js [9ms]
2024-06-13 16:16:27.723 [info] > git ls-files --stage -- /home/leo/Projects/nidas.dev/nidas.dev/src/themes/theme.js [2ms]
2024-06-13 16:16:27.733 [info] > git cat-file -s 0b1a4022bbbe2ff2b3051fe83388f9609ccd43c2 [2ms]
